2024-04-30 22:31:24.015  INFO 12392 --- [restartedMain] com.example.Application                  : Starting Application on DESKTOP-G4A0LFU with PID 12392 (started by szr in C:\Users\15833\Desktop\Project\sgd\Ideological and political)
2024-04-30 22:31:24.026  INFO 12392 --- [restartedMain] com.example.Application                  : No active profile set, falling back to default profiles: default
2024-04-30 22:31:24.099  INFO 12392 --- [restartedMain] .e.DevToolsPropertyDefaultsPostProcessor : Devtools property defaults active! Set 'spring.devtools.add-properties' to 'false' to disable
2024-04-30 22:31:24.099  INFO 12392 --- [restartedMain] .e.DevToolsPropertyDefaultsPostProcessor : For additional web related logging consider setting the 'logging.level.web' property to 'DEBUG'
2024-04-30 22:31:25.360  WARN 12392 --- [restartedMain] o.m.s.mapper.ClassPathMapperScanner      : No MyBatis mapper was found in '[com.example]' package. Please check your configuration.
2024-04-30 22:31:26.035  INFO 12392 --- [restartedMain] o.s.b.w.embedded.tomcat.TomcatWebServer  : Tomcat initialized with port(s): 8080 (http)
2024-04-30 22:31:26.051  INFO 12392 --- [restartedMain] o.apache.catalina.core.StandardService   : Starting service [Tomcat]
2024-04-30 22:31:26.051  INFO 12392 --- [restartedMain] org.apache.catalina.core.StandardEngine  : Starting Servlet Engine: Apache Tomcat/9.0.12
2024-04-30 22:31:26.058  INFO 12392 --- [restartedMain] o.a.catalina.core.AprLifecycleListener   : The APR based Apache Tomcat Native library which allows optimal performance in production environments was not found on the java.library.path: [C:\Users\15833\.jdks\corretto-1.8.0_402\bin;C:\Windows\Sun\Java\bin;C:\Windows\system32;C:\Windows;C:\Windows\System32;D:\Tools\apache-tomcat-8.5.100\bin;C:\Program Files\Java\jdk-22\bin;C:\Program Files\Java\jdk-22\jre\bin;C:\Users\15833\AppData\Local\Microsoft\WindowsApps;D:\Microsoft VS Code\bin;C:\Program Files\JetBrains\IntelliJ IDEA 2023.3.6\bin;C:\Program Files\nodejs\;C:\Program Files\Git\cmd;C:\Users\15833\AppData\Local\Microsoft\WindowsApps;D:\Microsoft VS Code\bin;C:\Program Files\JetBrains\IntelliJ IDEA 2023.3.6\bin;;C:\Windows\System32;C:\Users\15833\AppData\Roaming\npm;.]
2024-04-30 22:31:26.133  INFO 12392 --- [restartedMain] o.a.c.c.C.[Tomcat].[localhost].[/]       : Initializing Spring embedded WebApplicationContext
2024-04-30 22:31:26.134  INFO 12392 --- [restartedMain] o.s.web.context.ContextLoader            : Root WebApplicationContext: initialization completed in 2033 ms
2024-04-30 22:31:26.159  INFO 12392 --- [restartedMain] o.s.b.w.servlet.ServletRegistrationBean  : Servlet dispatcherServlet mapped to [/]
2024-04-30 22:31:26.164  INFO 12392 --- [restartedMain] o.s.b.w.servlet.FilterRegistrationBean   : Mapping filter: 'characterEncodingFilter' to: [/*]
2024-04-30 22:31:26.164  INFO 12392 --- [restartedMain] o.s.b.w.servlet.FilterRegistrationBean   : Mapping filter: 'hiddenHttpMethodFilter' to: [/*]
2024-04-30 22:31:26.164  INFO 12392 --- [restartedMain] o.s.b.w.servlet.FilterRegistrationBean   : Mapping filter: 'formContentFilter' to: [/*]
2024-04-30 22:31:26.165  INFO 12392 --- [restartedMain] o.s.b.w.servlet.FilterRegistrationBean   : Mapping filter: 'requestContextFilter' to: [/*]
2024-04-30 22:31:27.257  INFO 12392 --- [restartedMain] o.s.s.concurrent.ThreadPoolTaskExecutor  : Initializing ExecutorService 'applicationTaskExecutor'
2024-04-30 22:31:27.895  INFO 12392 --- [restartedMain] o.s.b.d.a.OptionalLiveReloadServer       : LiveReload server is running on port 35729
2024-04-30 22:31:27.953  INFO 12392 --- [restartedMain] o.s.b.w.embedded.tomcat.TomcatWebServer  : Tomcat started on port(s): 8080 (http) with context path ''
2024-04-30 22:31:27.956  INFO 12392 --- [restartedMain] com.example.Application                  : Started Application in 4.35 seconds (JVM running for 6.742)
2024-04-30 22:31:45.292  INFO 12392 --- [http-nio-8080-exec-1] o.a.c.c.C.[Tomcat].[localhost].[/]       : Initializing Spring DispatcherServlet 'dispatcherServlet'
2024-04-30 22:31:45.292  INFO 12392 --- [http-nio-8080-exec-1] o.s.web.servlet.DispatcherServlet        : Initializing Servlet 'dispatcherServlet'
2024-04-30 22:31:45.300  INFO 12392 --- [http-nio-8080-exec-1] o.s.web.servlet.DispatcherServlet        : Completed initialization in 8 ms
2024-04-30 22:48:04.916  INFO 12392 --- [Thread-19] o.s.s.concurrent.ThreadPoolTaskExecutor  : Shutting down ExecutorService 'applicationTaskExecutor'
